{
  "RSpec": {
    "coverage": {
      "/Users/yc13/Development/code/Mod0/tic-tac-toe-rb/lib/tic_tac_toe.rb": [
        null,
        null,
        1,
        null,
        null,
        null,
        null,
        null,
        null,
        null,
        null,
        null,
        1,
        37,
        37,
        37,
        37,
        37,
        null,
        null,
        1,
        23,
        23,
        null,
        null,
        1,
        null,
        22,
        22,
        null,
        null,
        1,
        156,
        129,
        27,
        27,
        null,
        null,
        null,
        1,
        23,
        3,
        null,
        20,
        null,
        null,
        null,
        null,
        1,
        21,
        21,
        189,
        31,
        null,
        null,
        21,
        null,
        null,
        1,
        20,
        14,
        null,
        6,
        null,
        null,
        null,
        1,
        20,
        20,
        20,
        20,
        19,
        null,
        1,
        null,
        20,
        null,
        null,
        null,
        1,
        66,
        437,
        437,
        437,
        null,
        437,
        437,
        437,
        437,
        437,
        24,
        null,
        null,
        42,
        null,
        null,
        null,
        1,
        32,
        25,
        7,
        null,
        null,
        null,
        1,
        23,
        6,
        null,
        17,
        null,
        null,
        null,
        1,
        21,
        10,
        null,
        null,
        null,
        null,
        1,
        7,
        6,
        null,
        null,
        null,
        1,
        12,
        12,
        12,
        17,
        null,
        12,
        5,
        5,
        7,
        3,
        null,
        null
      ]
    },
    "timestamp": 1631100368
  }
}
